<?xml version="1.0" encoding="UTF-8"?>
<!-- Generated by org.testng.reporters.JUnitXMLReporter -->
<testsuite hostname="LAPTOP-BEPGEJB8" ignored="2" name="Default test" tests="1" failures="0" timestamp="17 Mar 2019 05:11:40 GMT" time="33.843" errors="0">
  <testcase name="verifyLogin" time="20.55" classname="Test.LoginTest"/>
  <testcase name="@BeforeTest setupEnvironment" time="0.0" classname="Test.AbstractTest">
    <ignored/>
  </testcase> <!-- @BeforeTest setupEnvironment -->
  <testcase name="@AfterTest closeEnvironment" time="0.0" classname="Test.AbstractTest">
    <ignored/>
  </testcase> <!-- @AfterTest closeEnvironment -->
</testsuite> <!-- Default test -->
