<?xml version="1.0" encoding="UTF-8"?>
<testng-results skipped="0" failed="0" ignored="2" total="3" passed="1">
  <reporter-output>
  </reporter-output>
  <suite name="Default suite" duration-ms="33843" started-at="2019-03-17T05:11:06Z" finished-at="2019-03-17T05:11:40Z">
    <groups>
    </groups>
    <test name="Default test" duration-ms="33843" started-at="2019-03-17T05:11:06Z" finished-at="2019-03-17T05:11:40Z">
      <class name="Test.AbstractTest">
        <test-method status="PASS" signature="setupEnvironment()[pri:0, instance:Test.AbstractTest@d2cc05a]" name="setupEnvironment" is-config="true" duration-ms="13045" started-at="2019-03-17T05:11:06Z" finished-at="2019-03-17T05:11:19Z">
          <reporter-output>
          </reporter-output>
        </test-method> <!-- setupEnvironment -->
        <test-method status="PASS" signature="closeEnvironment()[pri:0, instance:Test.AbstractTest@d2cc05a]" name="closeEnvironment" is-config="true" duration-ms="219" started-at="2019-03-17T05:11:39Z" finished-at="2019-03-17T05:11:40Z">
          <reporter-output>
          </reporter-output>
        </test-method> <!-- closeEnvironment -->
      </class> <!-- Test.AbstractTest -->
      <class name="Test.LoginTest">
        <test-method status="PASS" signature="verifyLogin()[pri:0, instance:Test.LoginTest@4f933fd1]" name="verifyLogin" duration-ms="20550" started-at="2019-03-17T05:11:19Z" finished-at="2019-03-17T05:11:39Z">
          <reporter-output>
          </reporter-output>
        </test-method> <!-- verifyLogin -->
      </class> <!-- Test.LoginTest -->
    </test> <!-- Default test -->
  </suite> <!-- Default suite -->
</testng-results>
